<?xml version="1.0" encoding="UTF-8"?>
<mycoreobject xmlns:xlink="http://www.w3.org/1999/xlink" xmlns:xsi="http://www.w3.org/2001/XMLSchema-instance"
  xsi:noNamespaceSchemaLocation="datamodel-mods.xsd" ID="junit_mods_00000003" label="" version="2019.06">
  <structure />
  <metadata>
    <def.modsContainer class="MCRMetaXML" heritable="false" notinherit="true">
      <modsContainer inherited="0">
        <mods:mods xmlns:mods="http://www.loc.gov/mods/v3">
          <mods:titleInfo supplied="yes" usage="primary">
            <mods:title>Related title</mods:title>
          </mods:titleInfo>
          <mods:name type="personal" usage="primary">
            <mods:displayForm>Doe, John</mods:displayForm>
            <mods:role>
              <mods:roleTerm authority="marcrelator" type="code">aut</mods:roleTerm>
            </mods:role>
          </mods:name>
          <mods:originInfo>
            <mods:dateIssued encoding="w3cdtf" keyDate="yes">2020</mods:dateIssued>
          </mods:originInfo>
          <mods:language usage="primary">
            <mods:languageTerm authority="rfc5646" type="code">de</mods:languageTerm>
          </mods:language>
          <mods:relatedItem type="series" xlink:href="junit_mods_00000001">
            <mods:genre usage="primary">series</mods:genre>
            <mods:titleInfo supplied="yes" usage="primary">
              <mods:title>Series title</mods:title>
            </mods:titleInfo>
            <mods:part>
              <mods:detail type="volume">
                <mods:number>43</mods:number>
              </mods:detail>
            </mods:part>
          </mods:relatedItem>
          <mods:relatedItem type="references" xlink:href="junit_mods_00000002">
          </mods:relatedItem>
        </mods:mods>
      </modsContainer>
    </def.modsContainer>
  </metadata>
  <service />
</mycoreobject>
