<?xml version="1.0" encoding="UTF-8"?>
<mycoreobject xmlns:xlink="http://www.w3.org/1999/xlink" xmlns:xsi="http://www.w3.org/2001/XMLSchema-instance"
  xsi:noNamespaceSchemaLocation="datamodel-mods.xsd" ID="junit_mods_00000001" label="" version="2024.06.2-SNAPSHOT">
  <structure />
  <metadata>
    <def.modsContainer class="MCRMetaXML" heritable="false" notinherit="true">
      <modsContainer inherited="0">
        <mods:mods xmlns:mods="http://www.loc.gov/mods/v3">
          <mods:titleInfo xml:lang="de">
            <mods:title>This is a test-publication</mods:title>
          </mods:titleInfo>
          <mods:name type="personal" xlink:href="junit_modsperson_00000001">
            <mods:namePart type="family">MÃ¼ller</mods:namePart>
            <mods:namePart type="given">Lisa</mods:namePart>
            <mods:nameIdentifier type="lsf">77777</mods:nameIdentifier>
            <mods:nameIdentifier type="scopus">1112222999</mods:nameIdentifier>
          </mods:name>
        </mods:mods>
      </modsContainer>
    </def.modsContainer>
  </metadata>
  <service />
</mycoreobject>
