<?xml version="1.0" encoding="UTF-8"?>
<mycoreobject xmlns:xlink="http://www.w3.org/1999/xlink" xmlns:xsi="http://www.w3.org/2001/XMLSchema-instance" xsi:noNamespaceSchemaLocation="datamodel-modsperson.xsd" ID="junit_modsperson_00000002">
  <metadata>
    <def.modsContainer class="MCRMetaXML" heritable="false" notinherit="true">
      <modsContainer inherited="0">
        <mods:mods xmlns:mods="http://www.loc.gov/mods/v3">
          <mods:name type="personal">
            <mods:namePart type="family">MÃ¼ller</mods:namePart>
            <mods:namePart type="given">Adam</mods:namePart>
          </mods:name>
        </mods:mods>
      </modsContainer>
    </def.modsContainer>
  </metadata>
</mycoreobject>
