<user name="junit" realm="local" locked="false" disabled="false">
  <owner name="junit" realm="local" />
  <realName>Test Case</realName>
  <eMail>info@mycore.de</eMail>
  <lastLogin>2012-02-07T14:51:26Z</lastLogin>
  <validUntil>2012-02-25T13:00:00Z</validUntil>
  <roles>
    <role name="editor">
      <label xml:lang="de" text="Bearbeiter" />
      <label xml:lang="en" text="editors" />
    </role>
    <role name="admin">
      <label xml:lang="de" text="Administratoren" />
      <label xml:lang="en" text="Admins" />
    </role>
  </roles>
  <attributes>
    <attribute name="street" value="HeidestraÃŸe 12" />
    <attribute name="tel" value="555 4812" />
  </attributes>
  <password salt="d686tIJwTvM=" hashType="sha1" hash="2db30698c63ed6d08b5ee09a52bfe6e909ccfad8" hint="JUnit Test" />
</user>
